2021-08-10 18:51:21.050 [main] INFO  com.jerry.dockerdemo.DockerDemoApplication-Starting DockerDemoApplication on junjunleideMacBook-Pro.local with PID 31383 (/Users/junjunlei/project/test/docker-demo/target/classes started by junjunlei in /Users/junjunlei/project/test/docker-demo)
2021-08-10 18:51:21.056 [main] INFO  com.jerry.dockerdemo.DockerDemoApplication-No active profile set, falling back to default profiles: default
2021-08-10 18:51:21.092 [main] INFO  org.springframework.boot.web.servlet.context.AnnotationConfigServletWebServerApplicationContext-Refreshing org.springframework.boot.web.servlet.context.AnnotationConfigServletWebServerApplicationContext@24ba9639: startup date [Tue Aug 10 18:51:21 CST 2021]; root of context hierarchy
2021-08-10 18:51:21.698 [main] INFO  org.springframework.boot.web.embedded.tomcat.TomcatWebServer-Tomcat initialized with port(s): 8080 (http)
2021-08-10 18:51:21.707 [main] INFO  org.apache.coyote.http11.Http11NioProtocol-Initializing ProtocolHandler ["http-nio-8080"]
2021-08-10 18:51:21.713 [main] INFO  org.apache.catalina.core.StandardService-Starting service [Tomcat]
2021-08-10 18:51:21.713 [main] INFO  org.apache.catalina.core.StandardEngine-Starting Servlet Engine: Apache Tomcat/8.5.31
2021-08-10 18:51:21.717 [localhost-startStop-1] INFO  org.apache.catalina.core.AprLifecycleListener-The APR based Apache Tomcat Native library which allows optimal performance in production environments was not found on the java.library.path: [/Users/junjunlei/Library/Java/Extensions:/Library/Java/Extensions:/Network/Library/Java/Extensions:/System/Library/Java/Extensions:/usr/lib/java:.]
2021-08-10 18:51:21.783 [localhost-startStop-1] INFO  org.apache.catalina.core.ContainerBase.[Tomcat].[localhost].[/]-Initializing Spring embedded WebApplicationContext
2021-08-10 18:51:21.784 [localhost-startStop-1] INFO  org.springframework.web.context.ContextLoader-Root WebApplicationContext: initialization completed in 692 ms
2021-08-10 18:51:21.871 [localhost-startStop-1] INFO  org.springframework.boot.web.servlet.ServletRegistrationBean-Servlet dispatcherServlet mapped to [/]
2021-08-10 18:51:21.875 [localhost-startStop-1] INFO  org.springframework.boot.web.servlet.FilterRegistrationBean-Mapping filter: 'characterEncodingFilter' to: [/*]
2021-08-10 18:51:21.875 [localhost-startStop-1] INFO  org.springframework.boot.web.servlet.FilterRegistrationBean-Mapping filter: 'hiddenHttpMethodFilter' to: [/*]
2021-08-10 18:51:21.875 [localhost-startStop-1] INFO  org.springframework.boot.web.servlet.FilterRegistrationBean-Mapping filter: 'httpPutFormContentFilter' to: [/*]
2021-08-10 18:51:21.875 [localhost-startStop-1] INFO  org.springframework.boot.web.servlet.FilterRegistrationBean-Mapping filter: 'requestContextFilter' to: [/*]
2021-08-10 18:51:21.960 [main] INFO  org.springframework.web.servlet.handler.SimpleUrlHandlerMapping-Mapped URL path [/**/favicon.ico] onto handler of type [class org.springframework.web.servlet.resource.ResourceHttpRequestHandler]
2021-08-10 18:51:22.112 [main] INFO  org.springframework.web.servlet.mvc.method.annotation.RequestMappingHandlerAdapter-Looking for @ControllerAdvice: org.springframework.boot.web.servlet.context.AnnotationConfigServletWebServerApplicationContext@24ba9639: startup date [Tue Aug 10 18:51:21 CST 2021]; root of context hierarchy
2021-08-10 18:51:22.153 [main] INFO  org.springframework.web.servlet.mvc.method.annotation.RequestMappingHandlerMapping-Mapped "{[/error]}" onto public org.springframework.http.ResponseEntity<java.util.Map<java.lang.String, java.lang.Object>> org.springframework.boot.autoconfigure.web.servlet.error.BasicErrorController.error(javax.servlet.http.HttpServletRequest)
2021-08-10 18:51:22.154 [main] INFO  org.springframework.web.servlet.mvc.method.annotation.RequestMappingHandlerMapping-Mapped "{[/error],produces=[text/html]}" onto public org.springframework.web.servlet.ModelAndView org.springframework.boot.autoconfigure.web.servlet.error.BasicErrorController.errorHtml(javax.servlet.http.HttpServletRequest,javax.servlet.http.HttpServletResponse)
2021-08-10 18:51:22.175 [main] INFO  org.springframework.web.servlet.handler.SimpleUrlHandlerMapping-Mapped URL path [/webjars/**] onto handler of type [class org.springframework.web.servlet.resource.ResourceHttpRequestHandler]
2021-08-10 18:51:22.176 [main] INFO  org.springframework.web.servlet.handler.SimpleUrlHandlerMapping-Mapped URL path [/**] onto handler of type [class org.springframework.web.servlet.resource.ResourceHttpRequestHandler]
2021-08-10 18:51:22.282 [main] INFO  org.springframework.jmx.export.annotation.AnnotationMBeanExporter-Registering beans for JMX exposure on startup
2021-08-10 18:51:22.293 [main] INFO  org.apache.coyote.http11.Http11NioProtocol-Starting ProtocolHandler ["http-nio-8080"]
2021-08-10 18:51:22.311 [main] INFO  org.apache.tomcat.util.net.NioSelectorPool-Using a shared selector for servlet write/read
2021-08-10 18:51:22.321 [main] INFO  org.springframework.boot.web.embedded.tomcat.TomcatWebServer-Tomcat started on port(s): 8080 (http) with context path ''
2021-08-10 18:51:22.325 [main] INFO  com.jerry.dockerdemo.DockerDemoApplication-Started DockerDemoApplication in 21.571 seconds (JVM running for 27.241)
2021-08-10 18:52:42.336 [http-nio-8080-exec-1] INFO  org.apache.catalina.core.ContainerBase.[Tomcat].[localhost].[/]-Initializing Spring FrameworkServlet 'dispatcherServlet'
2021-08-10 18:52:42.337 [http-nio-8080-exec-1] INFO  org.springframework.web.servlet.DispatcherServlet-FrameworkServlet 'dispatcherServlet': initialization started
2021-08-10 18:52:42.358 [http-nio-8080-exec-1] INFO  org.springframework.web.servlet.DispatcherServlet-FrameworkServlet 'dispatcherServlet': initialization completed in 21 ms
2021-08-10 18:53:23.555 [Thread-48] INFO  org.springframework.boot.web.servlet.context.AnnotationConfigServletWebServerApplicationContext-Closing org.springframework.boot.web.servlet.context.AnnotationConfigServletWebServerApplicationContext@24ba9639: startup date [Tue Aug 10 18:51:21 CST 2021]; root of context hierarchy
2021-08-10 18:53:23.557 [Thread-48] INFO  org.springframework.jmx.export.annotation.AnnotationMBeanExporter-Unregistering JMX-exposed beans on shutdown
2021-08-10 18:54:22.288 [main] INFO  com.jerry.docker.DockerDemoApplication-Starting DockerDemoApplication on junjunleideMacBook-Pro.local with PID 31452 (/Users/junjunlei/project/test/docker-demo/target/classes started by junjunlei in /Users/junjunlei/project/test/docker-demo)
2021-08-10 18:54:22.293 [main] INFO  com.jerry.docker.DockerDemoApplication-No active profile set, falling back to default profiles: default
2021-08-10 18:54:22.326 [main] INFO  org.springframework.boot.web.servlet.context.AnnotationConfigServletWebServerApplicationContext-Refreshing org.springframework.boot.web.servlet.context.AnnotationConfigServletWebServerApplicationContext@7f132176: startup date [Tue Aug 10 18:54:22 CST 2021]; root of context hierarchy
2021-08-10 18:54:23.024 [main] INFO  org.springframework.boot.web.embedded.tomcat.TomcatWebServer-Tomcat initialized with port(s): 8080 (http)
2021-08-10 18:54:23.033 [main] INFO  org.apache.coyote.http11.Http11NioProtocol-Initializing ProtocolHandler ["http-nio-8080"]
2021-08-10 18:54:23.039 [main] INFO  org.apache.catalina.core.StandardService-Starting service [Tomcat]
2021-08-10 18:54:23.039 [main] INFO  org.apache.catalina.core.StandardEngine-Starting Servlet Engine: Apache Tomcat/8.5.31
2021-08-10 18:54:23.050 [localhost-startStop-1] INFO  org.apache.catalina.core.AprLifecycleListener-The APR based Apache Tomcat Native library which allows optimal performance in production environments was not found on the java.library.path: [/Users/junjunlei/Library/Java/Extensions:/Library/Java/Extensions:/Network/Library/Java/Extensions:/System/Library/Java/Extensions:/usr/lib/java:.]
2021-08-10 18:54:23.106 [localhost-startStop-1] INFO  org.apache.catalina.core.ContainerBase.[Tomcat].[localhost].[/]-Initializing Spring embedded WebApplicationContext
2021-08-10 18:54:23.106 [localhost-startStop-1] INFO  org.springframework.web.context.ContextLoader-Root WebApplicationContext: initialization completed in 780 ms
2021-08-10 18:54:23.197 [localhost-startStop-1] INFO  org.springframework.boot.web.servlet.ServletRegistrationBean-Servlet dispatcherServlet mapped to [/]
2021-08-10 18:54:23.200 [localhost-startStop-1] INFO  org.springframework.boot.web.servlet.FilterRegistrationBean-Mapping filter: 'characterEncodingFilter' to: [/*]
2021-08-10 18:54:23.200 [localhost-startStop-1] INFO  org.springframework.boot.web.servlet.FilterRegistrationBean-Mapping filter: 'hiddenHttpMethodFilter' to: [/*]
2021-08-10 18:54:23.200 [localhost-startStop-1] INFO  org.springframework.boot.web.servlet.FilterRegistrationBean-Mapping filter: 'httpPutFormContentFilter' to: [/*]
2021-08-10 18:54:23.200 [localhost-startStop-1] INFO  org.springframework.boot.web.servlet.FilterRegistrationBean-Mapping filter: 'requestContextFilter' to: [/*]
2021-08-10 18:54:23.307 [main] INFO  org.springframework.web.servlet.handler.SimpleUrlHandlerMapping-Mapped URL path [/**/favicon.ico] onto handler of type [class org.springframework.web.servlet.resource.ResourceHttpRequestHandler]
2021-08-10 18:54:23.462 [main] INFO  org.springframework.web.servlet.mvc.method.annotation.RequestMappingHandlerAdapter-Looking for @ControllerAdvice: org.springframework.boot.web.servlet.context.AnnotationConfigServletWebServerApplicationContext@7f132176: startup date [Tue Aug 10 18:54:22 CST 2021]; root of context hierarchy
2021-08-10 18:54:23.501 [main] INFO  org.springframework.web.servlet.mvc.method.annotation.RequestMappingHandlerMapping-Mapped "{[/hello],methods=[GET]}" onto public java.lang.String com.jerry.docker.controller.DockerController.test()
2021-08-10 18:54:23.504 [main] INFO  org.springframework.web.servlet.mvc.method.annotation.RequestMappingHandlerMapping-Mapped "{[/error]}" onto public org.springframework.http.ResponseEntity<java.util.Map<java.lang.String, java.lang.Object>> org.springframework.boot.autoconfigure.web.servlet.error.BasicErrorController.error(javax.servlet.http.HttpServletRequest)
2021-08-10 18:54:23.504 [main] INFO  org.springframework.web.servlet.mvc.method.annotation.RequestMappingHandlerMapping-Mapped "{[/error],produces=[text/html]}" onto public org.springframework.web.servlet.ModelAndView org.springframework.boot.autoconfigure.web.servlet.error.BasicErrorController.errorHtml(javax.servlet.http.HttpServletRequest,javax.servlet.http.HttpServletResponse)
2021-08-10 18:54:23.527 [main] INFO  org.springframework.web.servlet.handler.SimpleUrlHandlerMapping-Mapped URL path [/webjars/**] onto handler of type [class org.springframework.web.servlet.resource.ResourceHttpRequestHandler]
2021-08-10 18:54:23.527 [main] INFO  org.springframework.web.servlet.handler.SimpleUrlHandlerMapping-Mapped URL path [/**] onto handler of type [class org.springframework.web.servlet.resource.ResourceHttpRequestHandler]
2021-08-10 18:54:23.634 [main] INFO  org.springframework.jmx.export.annotation.AnnotationMBeanExporter-Registering beans for JMX exposure on startup
2021-08-10 18:54:23.645 [main] INFO  org.apache.coyote.http11.Http11NioProtocol-Starting ProtocolHandler ["http-nio-8080"]
2021-08-10 18:54:23.667 [main] INFO  org.apache.tomcat.util.net.NioSelectorPool-Using a shared selector for servlet write/read
2021-08-10 18:54:23.678 [main] INFO  org.springframework.boot.web.embedded.tomcat.TomcatWebServer-Tomcat started on port(s): 8080 (http) with context path ''
2021-08-10 18:54:23.683 [main] INFO  com.jerry.docker.DockerDemoApplication-Started DockerDemoApplication in 21.689 seconds (JVM running for 27.348)
2021-08-10 18:55:00.220 [http-nio-8080-exec-1] INFO  org.apache.catalina.core.ContainerBase.[Tomcat].[localhost].[/]-Initializing Spring FrameworkServlet 'dispatcherServlet'
2021-08-10 18:55:00.220 [http-nio-8080-exec-1] INFO  org.springframework.web.servlet.DispatcherServlet-FrameworkServlet 'dispatcherServlet': initialization started
2021-08-10 18:55:00.248 [http-nio-8080-exec-1] INFO  org.springframework.web.servlet.DispatcherServlet-FrameworkServlet 'dispatcherServlet': initialization completed in 28 ms
2021-08-10 18:55:05.648 [Thread-48] INFO  org.springframework.boot.web.servlet.context.AnnotationConfigServletWebServerApplicationContext-Closing org.springframework.boot.web.servlet.context.AnnotationConfigServletWebServerApplicationContext@7f132176: startup date [Tue Aug 10 18:54:22 CST 2021]; root of context hierarchy
2021-08-10 18:55:05.649 [Thread-48] INFO  org.springframework.jmx.export.annotation.AnnotationMBeanExporter-Unregistering JMX-exposed beans on shutdown
2021-08-10 19:15:43.993 [main] INFO  com.jerry.docker.DockerDemoApplication-Starting DockerDemoApplication on junjunleideMacBook-Pro.local with PID 32031 (/Users/junjunlei/project/test/docker-demo/target/classes started by junjunlei in /Users/junjunlei/project/test/docker-demo)
2021-08-10 19:15:44.000 [main] INFO  com.jerry.docker.DockerDemoApplication-No active profile set, falling back to default profiles: default
2021-08-10 19:15:44.042 [main] INFO  org.springframework.boot.web.servlet.context.AnnotationConfigServletWebServerApplicationContext-Refreshing org.springframework.boot.web.servlet.context.AnnotationConfigServletWebServerApplicationContext@5443d039: startup date [Tue Aug 10 19:15:44 CST 2021]; root of context hierarchy
2021-08-10 19:15:44.746 [main] INFO  org.springframework.boot.web.embedded.tomcat.TomcatWebServer-Tomcat initialized with port(s): 7000 (http)
2021-08-10 19:15:44.757 [main] INFO  org.apache.coyote.http11.Http11NioProtocol-Initializing ProtocolHandler ["http-nio-7000"]
2021-08-10 19:15:44.764 [main] INFO  org.apache.catalina.core.StandardService-Starting service [Tomcat]
2021-08-10 19:15:44.764 [main] INFO  org.apache.catalina.core.StandardEngine-Starting Servlet Engine: Apache Tomcat/8.5.31
2021-08-10 19:15:44.768 [localhost-startStop-1] INFO  org.apache.catalina.core.AprLifecycleListener-The APR based Apache Tomcat Native library which allows optimal performance in production environments was not found on the java.library.path: [/Users/junjunlei/Library/Java/Extensions:/Library/Java/Extensions:/Network/Library/Java/Extensions:/System/Library/Java/Extensions:/usr/lib/java:.]
2021-08-10 19:15:44.844 [localhost-startStop-1] INFO  org.apache.catalina.core.ContainerBase.[Tomcat].[localhost].[/]-Initializing Spring embedded WebApplicationContext
2021-08-10 19:15:44.844 [localhost-startStop-1] INFO  org.springframework.web.context.ContextLoader-Root WebApplicationContext: initialization completed in 802 ms
2021-08-10 19:15:44.936 [localhost-startStop-1] INFO  org.springframework.boot.web.servlet.ServletRegistrationBean-Servlet dispatcherServlet mapped to [/]
2021-08-10 19:15:44.940 [localhost-startStop-1] INFO  org.springframework.boot.web.servlet.FilterRegistrationBean-Mapping filter: 'characterEncodingFilter' to: [/*]
2021-08-10 19:15:44.940 [localhost-startStop-1] INFO  org.springframework.boot.web.servlet.FilterRegistrationBean-Mapping filter: 'hiddenHttpMethodFilter' to: [/*]
2021-08-10 19:15:44.940 [localhost-startStop-1] INFO  org.springframework.boot.web.servlet.FilterRegistrationBean-Mapping filter: 'httpPutFormContentFilter' to: [/*]
2021-08-10 19:15:44.940 [localhost-startStop-1] INFO  org.springframework.boot.web.servlet.FilterRegistrationBean-Mapping filter: 'requestContextFilter' to: [/*]
2021-08-10 19:15:45.036 [main] INFO  org.springframework.web.servlet.handler.SimpleUrlHandlerMapping-Mapped URL path [/**/favicon.ico] onto handler of type [class org.springframework.web.servlet.resource.ResourceHttpRequestHandler]
2021-08-10 19:15:45.207 [main] INFO  org.springframework.web.servlet.mvc.method.annotation.RequestMappingHandlerAdapter-Looking for @ControllerAdvice: org.springframework.boot.web.servlet.context.AnnotationConfigServletWebServerApplicationContext@5443d039: startup date [Tue Aug 10 19:15:44 CST 2021]; root of context hierarchy
2021-08-10 19:15:45.256 [main] INFO  org.springframework.web.servlet.mvc.method.annotation.RequestMappingHandlerMapping-Mapped "{[/hello],methods=[GET]}" onto public java.lang.String com.jerry.docker.controller.DockerController.test()
2021-08-10 19:15:45.259 [main] INFO  org.springframework.web.servlet.mvc.method.annotation.RequestMappingHandlerMapping-Mapped "{[/error]}" onto public org.springframework.http.ResponseEntity<java.util.Map<java.lang.String, java.lang.Object>> org.springframework.boot.autoconfigure.web.servlet.error.BasicErrorController.error(javax.servlet.http.HttpServletRequest)
2021-08-10 19:15:45.260 [main] INFO  org.springframework.web.servlet.mvc.method.annotation.RequestMappingHandlerMapping-Mapped "{[/error],produces=[text/html]}" onto public org.springframework.web.servlet.ModelAndView org.springframework.boot.autoconfigure.web.servlet.error.BasicErrorController.errorHtml(javax.servlet.http.HttpServletRequest,javax.servlet.http.HttpServletResponse)
2021-08-10 19:15:45.279 [main] INFO  org.springframework.web.servlet.handler.SimpleUrlHandlerMapping-Mapped URL path [/webjars/**] onto handler of type [class org.springframework.web.servlet.resource.ResourceHttpRequestHandler]
2021-08-10 19:15:45.279 [main] INFO  org.springframework.web.servlet.handler.SimpleUrlHandlerMapping-Mapped URL path [/**] onto handler of type [class org.springframework.web.servlet.resource.ResourceHttpRequestHandler]
2021-08-10 19:15:45.399 [main] INFO  org.springframework.jmx.export.annotation.AnnotationMBeanExporter-Registering beans for JMX exposure on startup
2021-08-10 19:15:45.409 [main] INFO  org.apache.coyote.http11.Http11NioProtocol-Starting ProtocolHandler ["http-nio-7000"]
2021-08-10 19:15:45.429 [main] INFO  org.apache.tomcat.util.net.NioSelectorPool-Using a shared selector for servlet write/read
2021-08-10 19:15:45.441 [main] INFO  org.springframework.boot.web.embedded.tomcat.TomcatWebServer-Tomcat started on port(s): 7000 (http) with context path ''
2021-08-10 19:15:45.445 [main] INFO  com.jerry.docker.DockerDemoApplication-Started DockerDemoApplication in 21.763 seconds (JVM running for 27.986)
2021-08-10 19:15:59.794 [http-nio-7000-exec-1] INFO  org.apache.catalina.core.ContainerBase.[Tomcat].[localhost].[/]-Initializing Spring FrameworkServlet 'dispatcherServlet'
2021-08-10 19:15:59.795 [http-nio-7000-exec-1] INFO  org.springframework.web.servlet.DispatcherServlet-FrameworkServlet 'dispatcherServlet': initialization started
2021-08-10 19:15:59.815 [http-nio-7000-exec-1] INFO  org.springframework.web.servlet.DispatcherServlet-FrameworkServlet 'dispatcherServlet': initialization completed in 20 ms
2021-08-10 19:16:11.743 [Thread-48] INFO  org.springframework.boot.web.servlet.context.AnnotationConfigServletWebServerApplicationContext-Closing org.springframework.boot.web.servlet.context.AnnotationConfigServletWebServerApplicationContext@5443d039: startup date [Tue Aug 10 19:15:44 CST 2021]; root of context hierarchy
2021-08-10 19:16:11.745 [Thread-48] INFO  org.springframework.jmx.export.annotation.AnnotationMBeanExporter-Unregistering JMX-exposed beans on shutdown
